<?xml version="1.0" encoding="UTF-8"?>
<!-- Generated by org.testng.reporters.JUnitXMLReporter -->
<testsuite ignored="3" hostname="DESKTOP-MQO629T" failures="0" tests="4" name="Test Regression" time="33.007" errors="0" timestamp="2022-05-11T12:38:47 EET">
  <testcase classname="tests.LoginTest" name="testsuccessfulllogin" time="0.659"/>
  <testcase classname="tests.GeneralSettingTest" name="GetToAddKpiPage" time="13.167"/>
  <testcase classname="tests.AddKPiSettingTest" name="TestAdd_Kpis" time="10.111"/>
  <testcase classname="tests.UpdateKpiTest" name="UserCanUpdateKpi" time="8.921"/>
  <testcase classname="tests.BaseTest" name="@BeforeSuite SetUp" time="0.0">
    <ignored/>
  </testcase> <!-- @BeforeSuite SetUp -->
  <testcase classname="tests.BaseTest" name="@BeforeSuite SetUp" time="0.0">
    <ignored/>
  </testcase> <!-- @BeforeSuite SetUp -->
  <testcase classname="tests.BaseTest" name="@BeforeSuite SetUp" time="0.0">
    <ignored/>
  </testcase> <!-- @BeforeSuite SetUp -->
</testsuite> <!-- Test Regression -->
