<?xml version="1.0" encoding="UTF-8"?>
<testng-results ignored="3" total="7" passed="4" failed="0" skipped="0">
  <reporter-output>
  </reporter-output>
  <suite started-at="2022-05-11T12:38:14 EET" name="KPI Regression Suite" finished-at="2022-05-11T12:38:47 EET" duration-ms="33007">
    <groups>
    </groups>
    <test started-at="2022-05-11T12:38:14 EET" name="Test Regression" finished-at="2022-05-11T12:38:47 EET" duration-ms="33007">
      <class name="tests.LoginTest">
        <test-method is-config="true" signature="SetUp()[pri:0, instance:tests.LoginTest@d554c5f]" started-at="2022-05-11T12:37:56 EET" name="SetUp" finished-at="2022-05-11T12:38:14 EET" duration-ms="18417" status="PASS">
          <reporter-output>
          </reporter-output>
        </test-method> <!-- SetUp -->
        <test-method signature="testsuccessfulllogin()[pri:0, instance:tests.LoginTest@d554c5f]" started-at="2022-05-11T12:38:14 EET" name="testsuccessfulllogin" finished-at="2022-05-11T12:38:15 EET" duration-ms="659" status="PASS">
          <reporter-output>
          </reporter-output>
        </test-method> <!-- testsuccessfulllogin -->
        <test-method is-config="true" signature="screenshotOnFailure(org.testng.ITestResult)[pri:0, instance:tests.LoginTest@d554c5f]" started-at="2022-05-11T12:38:15 EET" name="screenshotOnFailure" finished-at="2022-05-11T12:38:15 EET" duration-ms="8" status="PASS">
          <params>
            <param index="0">
              <value>
                <![CDATA[[TestResult name=testsuccessfulllogin status=SUCCESS method=LoginTest.testsuccessfulllogin()[pri:0, instance:tests.LoginTest@d554c5f] output={null}]]]>
              </value>
            </param>
          </params>
          <reporter-output>
          </reporter-output>
        </test-method> <!-- screenshotOnFailure -->
      </class> <!-- tests.LoginTest -->
      <class name="tests.AddKPiSettingTest">
        <test-method signature="TestAdd_Kpis()[pri:3, instance:tests.AddKPiSettingTest@4d15107f]" started-at="2022-05-11T12:38:28 EET" name="TestAdd_Kpis" finished-at="2022-05-11T12:38:38 EET" duration-ms="10111" status="PASS">
          <reporter-output>
          </reporter-output>
        </test-method> <!-- TestAdd_Kpis -->
        <test-method is-config="true" signature="screenshotOnFailure(org.testng.ITestResult)[pri:0, instance:tests.AddKPiSettingTest@4d15107f]" started-at="2022-05-11T12:38:38 EET" name="screenshotOnFailure" finished-at="2022-05-11T12:38:38 EET" duration-ms="1" status="PASS">
          <params>
            <param index="0">
              <value>
                <![CDATA[[TestResult name=TestAdd_Kpis status=SUCCESS method=AddKPiSettingTest.TestAdd_Kpis()[pri:3, instance:tests.AddKPiSettingTest@4d15107f] output={null}]]]>
              </value>
            </param>
          </params>
          <reporter-output>
          </reporter-output>
        </test-method> <!-- screenshotOnFailure -->
      </class> <!-- tests.AddKPiSettingTest -->
      <class name="tests.UpdateKpiTest">
        <test-method signature="UserCanUpdateKpi()[pri:2, instance:tests.UpdateKpiTest@7b4c50bc]" started-at="2022-05-11T12:38:38 EET" name="UserCanUpdateKpi" finished-at="2022-05-11T12:38:47 EET" duration-ms="8921" status="PASS">
          <reporter-output>
          </reporter-output>
        </test-method> <!-- UserCanUpdateKpi -->
        <test-method is-config="true" signature="screenshotOnFailure(org.testng.ITestResult)[pri:0, instance:tests.UpdateKpiTest@7b4c50bc]" started-at="2022-05-11T12:38:47 EET" name="screenshotOnFailure" finished-at="2022-05-11T12:38:47 EET" duration-ms="1" status="PASS">
          <params>
            <param index="0">
              <value>
                <![CDATA[[TestResult name=UserCanUpdateKpi status=SUCCESS method=UpdateKpiTest.UserCanUpdateKpi()[pri:2, instance:tests.UpdateKpiTest@7b4c50bc] output={null}]]]>
              </value>
            </param>
          </params>
          <reporter-output>
          </reporter-output>
        </test-method> <!-- screenshotOnFailure -->
      </class> <!-- tests.UpdateKpiTest -->
      <class name="tests.GeneralSettingTest">
        <test-method signature="GetToAddKpiPage()[pri:0, instance:tests.GeneralSettingTest@25df00a0]" started-at="2022-05-11T12:38:15 EET" name="GetToAddKpiPage" finished-at="2022-05-11T12:38:28 EET" duration-ms="13167" status="PASS">
          <reporter-output>
          </reporter-output>
        </test-method> <!-- GetToAddKpiPage -->
        <test-method is-config="true" signature="screenshotOnFailure(org.testng.ITestResult)[pri:0, instance:tests.GeneralSettingTest@25df00a0]" started-at="2022-05-11T12:38:28 EET" name="screenshotOnFailure" finished-at="2022-05-11T12:38:28 EET" duration-ms="1" status="PASS">
          <params>
            <param index="0">
              <value>
                <![CDATA[[TestResult name=GetToAddKpiPage status=SUCCESS method=GeneralSettingTest.GetToAddKpiPage()[pri:0, instance:tests.GeneralSettingTest@25df00a0] output={null}]]]>
              </value>
            </param>
          </params>
          <reporter-output>
          </reporter-output>
        </test-method> <!-- screenshotOnFailure -->
      </class> <!-- tests.GeneralSettingTest -->
    </test> <!-- Test Regression -->
  </suite> <!-- KPI Regression Suite -->
</testng-results>
